<?xml version="1.0" encoding="UTF-8"?>
<!-- Generated by org.testng.reporters.JUnitReportReporter -->
<testsuite hostname="DESKTOP-3DRIMRJ" failures="0" tests="1" name="Campgins.CreateProductTest" time="26.759" errors="0" timestamp="2025-04-12T13:34:35 IST" skipped="0">
  <testcase classname="Campgins.CreateProductTest" name="CreateProduct" time="26.759"/>
</testsuite> <!-- Campgins.CreateProductTest -->
