<?xml version="1.0" encoding="UTF-8"?>
<!-- Generated by org.testng.reporters.JUnitReportReporter -->
<testsuite hostname="DESKTOP-3DRIMRJ" failures="0" tests="3" name="Hardcoding.Data_provider" time="0.013" errors="0" timestamp="2025-04-05T19:58:07 IST" skipped="0">
  <testcase classname="Hardcoding.Data_provider" name="bookTickets" time="0.001"/>
  <testcase classname="Hardcoding.Data_provider" name="bookTickets" time="0.011"/>
  <testcase classname="Hardcoding.Data_provider" name="bookTickets" time="0.001"/>
</testsuite> <!-- Hardcoding.Data_provider -->
