<?xml version="1.0" encoding="UTF-8"?>
<!-- Generated by org.testng.reporters.JUnitReportReporter -->
<testsuite hostname="DESKTOP-3DRIMRJ" failures="0" tests="1" name="h1ardassertion1" time="0.019" errors="0" timestamp="2025-04-07T20:51:11 IST" skipped="0">
  <testcase classname="h1ardassertion1" name="m13" time="0.019"/>
</testsuite> <!-- h1ardassertion1 -->
